<?xml version="1.0" encoding="UTF-8"?>
<!-- Generated by org.testng.reporters.JUnitReportReporter -->
<testsuite hostname="LAPTOP-453U4H5A" failures="0" tests="1" name="driverFactory.DriverScript" time="88.197" errors="0" timestamp="2024-09-26T10:54:12 IST" skipped="0">
  <testcase classname="driverFactory.DriverScript" name="startTest" time="88.197"/>
  <system-out>
    <![CDATA[No of rows are::8
Valid Username and password::dashboard http://webapp.qedgetech.com/dashboard.php
Incorrect user ID or password dashboard http://webapp.qedgetech.com/login.php
Incorrect user ID or password dashboard http://webapp.qedgetech.com/login.php
Incorrect user ID or password dashboard http://webapp.qedgetech.com/login.php
Incorrect user ID or password dashboard http://webapp.qedgetech.com/login.php
Incorrect user ID or password dashboard http://webapp.qedgetech.com/login.php
Incorrect user ID or password dashboard http://webapp.qedgetech.com/login.php
Valid Username and password::dashboard http://webapp.qedgetech.com/dashboard.php]]>
  </system-out>
</testsuite> <!-- driverFactory.DriverScript -->
