<?xml version="1.0" encoding="UTF-8"?>
<!-- Generated by org.testng.reporters.JUnitReportReporter -->
<testsuite hostname="LAPTOP-453U4H5A" failures="0" tests="1" name="driverFactory.TestScript" time="168.113" errors="0" timestamp="2024-09-26T10:54:12 IST" skipped="0">
  <testcase classname="driverFactory.TestScript" name="startTest" time="168.113"/>
  <system-out>
    <![CDATA[No of rows are 7
Customer Add is success Customer-00000010990 Customer-00000010990
Customer Add is fail Customer-00000010991 Customer-00000007928
Customer Add is success Customer-00000010992 Customer-00000010992
Customer Add is success Customer-00000010993 Customer-00000010993
Customer Add is success Customer-00000010994 Customer-00000010994
Customer Add is success Customer-00000010995 Customer-00000010995
Customer Add is success Customer-00000010996 Customer-00000010996]]>
  </system-out>
</testsuite> <!-- driverFactory.TestScript -->
